Removed Pin From Net: NetName=GND Pin=J1-14
Removed Pin From Net: NetName=GND Pin=J3-4
Removed Pin From Net: NetName=5.0V Pin=J5-6
Removed Pin From Net: NetName=GND Pin=J5-8
Removed Pin From Net: NetName=5.0V Pin=J6-6
Removed Pin From Net: NetName=GND Pin=J6-8
Removed Pin From Net: NetName=5.0V Pin=J7-6
Removed Pin From Net: NetName=GND Pin=J7-8
Added Component: Designator=J16(2way_HP)
Added Pin To Net: NetName=GND Pin=J16-2
Change Net Name : Old Net Name=3.3V New Net Name=VCC
Change Net Name : Old Net Name=5.0V New Net Name=AVDD
Change Net Name : Old Net Name=GND New Net Name=AGND
Added Pin To Net: NetName=DGND Pin=J1-14
Added Pin To Net: NetName=DGND Pin=J3-4
Added Pin To Net: NetName=DGND Pin=J5-8
Added Pin To Net: NetName=DGND Pin=J6-8
Added Pin To Net: NetName=DGND Pin=J7-8
Added Pin To Net: NetName=DGND Pin=J16-1
Added Net: Name=DGND
Added Pin To Net: NetName=DVDD Pin=J5-6
Added Pin To Net: NetName=DVDD Pin=J6-6
Added Pin To Net: NetName=DVDD Pin=J7-6
Added Net: Name=DVDD
