Removed Pin From Net: NetName=SPI0_SCLK Pin=J5-3
Removed Pin From Net: NetName=SPI0_MISO Pin=J5-4
Removed Pin From Net: NetName=SPI0_MOSI Pin=J5-5
Removed Pin From Net: NetName=SPI0_CE1 Pin=J5-6
Removed Pin From Net: NetName=A0_IRQ Pin=J5-7
Removed Pin From Net: NetName=5.0V Pin=J5-10
Removed Pin From Net: NetName=GND Pin=J5-14
Removed Pin From Net: NetName=SPI1_SCLK Pin=J6-3
Removed Pin From Net: NetName=SPI1_MISO Pin=J6-4
Removed Pin From Net: NetName=SPI1_MOSI Pin=J6-5
Removed Pin From Net: NetName=SPI1_CE0 Pin=J6-6
Removed Pin From Net: NetName=A1_IRQ Pin=J6-7
Removed Pin From Net: NetName=5.0V Pin=J6-10
Removed Pin From Net: NetName=GND Pin=J6-14
Change Component Footprint: Designator=J5 Old Footprint=ftmh New Footprint=HDR2X4
Change Component Footprint: Designator=J6 Old Footprint=ftmh New Footprint=HDR2X4
Added Pin To Net: NetName=SPI0_SCLK Pin=J5-1
Added Pin To Net: NetName=SPI0_MISO Pin=J5-2
Added Pin To Net: NetName=SPI0_MOSI Pin=J5-3
Added Pin To Net: NetName=SPI0_CE1 Pin=J5-4
Added Pin To Net: NetName=A0_IRQ Pin=J5-5
Added Pin To Net: NetName=5.0V Pin=J5-6
Added Pin To Net: NetName=GND Pin=J5-8
Added Pin To Net: NetName=SPI1_SCLK Pin=J6-1
Added Pin To Net: NetName=SPI1_MISO Pin=J6-2
Added Pin To Net: NetName=SPI1_MOSI Pin=J6-3
Added Pin To Net: NetName=SPI1_CE0 Pin=J6-4
Added Pin To Net: NetName=A1_IRQ Pin=J6-5
Added Pin To Net: NetName=5.0V Pin=J6-6
Added Pin To Net: NetName=GND Pin=J6-8
