Removed Pin From Net: NetName=SPI0_SCLK Pin=J5-1
Removed Pin From Net: NetName=SPI0_MISO Pin=J5-2
Removed Pin From Net: NetName=SPI0_MOSI Pin=J5-3
Removed Pin From Net: NetName=SPI0_CE1 Pin=J5-4
Removed Pin From Net: NetName=SPI1_SCLK Pin=J6-1
Removed Pin From Net: NetName=SPI1_MISO Pin=J6-2
Removed Pin From Net: NetName=SPI1_MOSI Pin=J6-3
Removed Pin From Net: NetName=SPI1_CE0 Pin=J6-4
Removed Pin From Net: NetName=SPI1_SCLK Pin=J7-1
Removed Pin From Net: NetName=SPI1_MISO Pin=J7-2
Removed Pin From Net: NetName=SPI1_MOSI Pin=J7-3
Removed Pin From Net: NetName=SPI1_CE1 Pin=J7-4
Added Pin To Net: NetName=NetJ5_1 Pin=J5-1
Added Net: Name=NetJ5_1
Added Pin To Net: NetName=NetJ5_2 Pin=J5-2
Added Net: Name=NetJ5_2
Added Pin To Net: NetName=NetJ5_3 Pin=J5-3
Added Net: Name=NetJ5_3
Added Pin To Net: NetName=NetJ5_4 Pin=J5-4
Added Net: Name=NetJ5_4
Added Pin To Net: NetName=NetJ6_1 Pin=J6-1
Added Net: Name=NetJ6_1
Added Pin To Net: NetName=NetJ6_2 Pin=J6-2
Added Net: Name=NetJ6_2
Added Pin To Net: NetName=NetJ6_3 Pin=J6-3
Added Net: Name=NetJ6_3
Added Pin To Net: NetName=NetJ6_4 Pin=J6-4
Added Net: Name=NetJ6_4
Added Pin To Net: NetName=NetJ7_1 Pin=J7-1
Added Net: Name=NetJ7_1
Added Pin To Net: NetName=NetJ7_2 Pin=J7-2
Added Net: Name=NetJ7_2
Added Pin To Net: NetName=NetJ7_3 Pin=J7-3
Added Net: Name=NetJ7_3
Added Pin To Net: NetName=NetJ7_4 Pin=J7-4
Added Net: Name=NetJ7_4
