Added Component: Designator=R3(AXIAL-0.4)
Added Component: Designator=R4(AXIAL-0.4)
Added Component: Designator=R5(AXIAL-0.4)
Added Component: Designator=R6(AXIAL-0.4)
Added Component: Designator=R7(AXIAL-0.4)
Added Component: Designator=R8(AXIAL-0.4)
Added Component: Designator=R9(AXIAL-0.4)
Added Component: Designator=R10(AXIAL-0.4)
Added Component: Designator=R11(AXIAL-0.4)
Added Component: Designator=R12(AXIAL-0.4)
Added Pin To Net: NetName=NetJ6_1 Pin=R3-1
Added Pin To Net: NetName=SPI0_SCLK Pin=R3-2
Added Pin To Net: NetName=NetJ6_3 Pin=R4-1
Added Pin To Net: NetName=SPI0_MOSI Pin=R4-2
Added Pin To Net: NetName=SPI0_MISO Pin=R5-1
Added Pin To Net: NetName=NetJ5_2 Pin=R5-2
Added Pin To Net: NetName=SPI0_CE1 Pin=R6-1
Added Pin To Net: NetName=NetJ5_4 Pin=R6-2
Added Pin To Net: NetName=NetJ5_1 Pin=R7-1
Added Pin To Net: NetName=SPI0_SCLK Pin=R7-2
Added Pin To Net: NetName=NetJ5_3 Pin=R8-1
Added Pin To Net: NetName=SPI0_MOSI Pin=R8-2
Added Pin To Net: NetName=SPI0_MISO Pin=R9-1
Added Pin To Net: NetName=NetJ7_2 Pin=R9-2
Added Pin To Net: NetName=SPI0_CE1 Pin=R10-1
Added Pin To Net: NetName=NetJ7_4 Pin=R10-2
Added Pin To Net: NetName=NetJ7_1 Pin=R11-1
Added Pin To Net: NetName=SPI0_SCLK Pin=R11-2
Added Pin To Net: NetName=NetJ7_3 Pin=R12-1
Added Pin To Net: NetName=SPI0_MOSI Pin=R12-2
