Removed Pin From Net: NetName=Vin_batt Pin=RG1-1
Removed Pin From Net: NetName=Vin_batt Pin=Vin-1
Removed Pin From Net: NetName=AGND Pin=Vin-2
Added Component: Designator=BT1(BAT-2)
Added Component: Designator=C1(CAPR5-4X5)
Added Component: Designator=C1(CAPR5-4X5)
Added Component: Designator=D?(DO-41)
Added Component: Designator=P1(DCjack)
Added Component: Designator=R13(AXIAL-0.4)
Added Component: Designator=R14(AXIAL-0.4)
Added Component: Designator=S1(SPST-2)
Added Component: Designator=U1(SOT23-5)
Added Pin To Net: NetName=AGND Pin=BT1-1
Added Pin To Net: NetName=Vin_batt Pin=BT1-2
Added Pin To Net: NetName=Vin_batt Pin=C1-1
Added Pin To Net: NetName=AGND Pin=C1-2
Added Pin To Net: NetName=AGND Pin=C1-2
Added Pin To Net: NetName=AGND Pin=P1-2
Added Pin To Net: NetName=AGND Pin=P1-3
Added Pin To Net: NetName=AGND Pin=R14-1
Added Pin To Net: NetName=AGND Pin=U1-1
Added Pin To Net: NetName=Vin_batt Pin=U1-3
Added Pin To Net: NetName=NetC1_1 Pin=C1-1
Added Pin To Net: NetName=NetC1_1 Pin=D?-1
Added Pin To Net: NetName=NetC1_1 Pin=P1-1
Added Pin To Net: NetName=NetC1_1 Pin=S1-2
Added Pin To Net: NetName=NetC1_1 Pin=U1-4
Added Net: Name=NetC1_1
Added Pin To Net: NetName=NetD?_2 Pin=D?-2
Added Pin To Net: NetName=NetD?_2 Pin=R14-2
Added Net: Name=NetD?_2
Added Pin To Net: NetName=NetR13_1 Pin=R13-1
Added Pin To Net: NetName=NetR13_1 Pin=U1-5
Added Net: Name=NetR13_1
Added Pin To Net: NetName=NetR13_2 Pin=R13-2
Added Pin To Net: NetName=NetR13_2 Pin=U1-2
Added Net: Name=NetR13_2
Added Pin To Net: NetName=VIN Pin=RG1-1
Added Pin To Net: NetName=VIN Pin=S1-1
Added Net: Name=VIN
