Removed Pin From Net: NetName=vin_acc Pin=J8-8
Removed Pin From Net: NetName=GND Pin=J8-10
Removed Pin From Net: NetName=GND Pin=J8-11
Removed Pin From Net: NetName=GND Pin=J8-12
Removed Pin From Net: NetName=vin_acc Pin=J9-8
Removed Pin From Net: NetName=GND Pin=J9-10
Removed Pin From Net: NetName=GND Pin=J9-11
Removed Pin From Net: NetName=GND Pin=J9-12
Change Component DesignItemId : Designator=J8 Old DesignItemId=Header 6X2 New DesignItemId=Header 5X2
Change Component DesignItemId : Designator=J9 Old DesignItemId=Header 6X2 New DesignItemId=Header 5X2
Change Component Footprint: Designator=J8 Old Footprint=HDR2X6_CEN New Footprint=HDR2X5
Change Component Footprint: Designator=J9 Old Footprint=HDR2X6_CEN New Footprint=HDR2X5
Added Pin To Net: NetName=vin_acc Pin=J8-2
Added Pin To Net: NetName=GND Pin=J8-4
Added Pin To Net: NetName=GND Pin=J8-6
Added Pin To Net: NetName=GND Pin=J8-8
Added Pin To Net: NetName=vin_acc Pin=J9-2
Added Pin To Net: NetName=GND Pin=J9-4
Added Pin To Net: NetName=GND Pin=J9-6
Added Pin To Net: NetName=GND Pin=J9-8
